# JRE version: OpenJDK Runtime Environment (11.0.16+8) (build 11.0.16+8-post-Ubuntu-0ubuntu120.04)
# Java VM: OpenJDK 64-Bit Server VM (11.0.16+8-post-Ubuntu-0ubuntu120.04, mixed mode, sharing, tiered, compressed oops, g1 gc, linux-amd64)
Heap:
 garbage-first heap   total 211968K, used 111178K [0x0000000085a00000, 0x0000000100000000)
  region size 1024K, 72 young (73728K), 8 survivors (8192K)
 Metaspace       used 65867K, capacity 69095K, committed 69244K, reserved 1107968K
  class space    used 8709K, capacity 10416K, committed 10444K, reserved 1048576K
GC Heap History (20 events):
Event: 2.009 GC heap before
{Heap before GC invocations=2 (full 0):
 garbage-first heap   total 129024K, used 30524K [0x0000000085a00000, 0x0000000100000000)
  region size 1024K, 26 young (26624K), 2 survivors (2048K)
 Metaspace       used 8988K, capacity 11146K, committed 11520K, reserved 1058816K
  class space    used 1114K, capacity 1415K, committed 1536K, reserved 1048576K
}
Event: 2.018 GC heap after
{Heap after GC invocations=3 (full 0):
 garbage-first heap   total 129024K, used 7555K [0x0000000085a00000, 0x0000000100000000)
  region size 1024K, 2 young (2048K), 2 survivors (2048K)
 Metaspace       used 8988K, capacity 11146K, committed 11520K, reserved 1058816K
  class space    used 1114K, capacity 1415K, committed 1536K, reserved 1048576K
}
Event: 2.807 GC heap before
{Heap before GC invocations=3 (full 0):
 garbage-first heap   total 129024K, used 50563K [0x0000000085a00000, 0x0000000100000000)
  region size 1024K, 44 young (45056K), 2 survivors (2048K)
 Metaspace       used 11680K, capacity 13425K, committed 13568K, reserved 1060864K
  class space    used 1413K, capacity 1693K, committed 1792K, reserved 1048576K
}
Event: 2.822 GC heap after
{Heap after GC invocations=4 (full 0):
 garbage-first heap   total 129024K, used 9347K [0x0000000085a00000, 0x0000000100000000)
  region size 1024K, 4 young (4096K), 4 survivors (4096K)
 Metaspace       used 11680K, capacity 13425K, committed 13568K, reserved 1060864K
  class space    used 1413K, capacity 1693K, committed 1792K, reserved 1048576K
}
Event: 4.315 GC heap before
{Heap before GC invocations=4 (full 0):
 garbage-first heap   total 129024K, used 58499K [0x0000000085a00000, 0x0000000100000000)
  region size 1024K, 51 young (52224K), 4 survivors (4096K)
 Metaspace       used 20373K, capacity 21221K, committed 21296K, reserved 1067008K
  class space    used 2588K, capacity 2936K, committed 2944K, reserved 1048576K
}
Event: 4.359 GC heap after
{Heap after GC invocations=5 (full 0):
 garbage-first heap   total 168960K, used 14488K [0x0000000085a00000, 0x0000000100000000)
  region size 1024K, 7 young (7168K), 7 survivors (7168K)
 Metaspace       used 20373K, capacity 21221K, committed 21296K, reserved 1067008K
  class space    used 2588K, capacity 2936K, committed 2944K, reserved 1048576K
}
Event: 6.150 GC heap before
{Heap before GC invocations=6 (full 0):
 garbage-first heap   total 168960K, used 83096K [0x0000000085a00000, 0x0000000100000000)
  region size 1024K, 74 young (75776K), 7 survivors (7168K)
 Metaspace       used 29912K, capacity 31158K, committed 31484K, reserved 1077248K
  class space    used 3836K, capacity 4396K, committed 4428K, reserved 1048576K
}
Event: 6.186 GC heap after
{Heap after GC invocations=7 (full 0):
 garbage-first heap   total 168960K, used 18113K [0x0000000085a00000, 0x0000000100000000)
  region size 1024K, 8 young (8192K), 8 survivors (8192K)
 Metaspace       used 29912K, capacity 31158K, committed 31484K, reserved 1077248K
  class space    used 3836K, capacity 4396K, committed 4428K, reserved 1048576K
}
Event: 7.906 GC heap before
{Heap before GC invocations=8 (full 0):
 garbage-first heap   total 168960K, used 97985K [0x0000000085a00000, 0x0000000100000000)
  region size 1024K, 87 young (89088K), 8 survivors (8192K)
 Metaspace       used 43510K, capacity 45492K, committed 45692K, reserved 1087488K
  class space    used 5760K, capacity 6740K, committed 6860K, reserved 1048576K
}
Event: 7.928 GC heap after
{Heap after GC invocations=9 (full 0):
 garbage-first heap   total 168960K, used 19889K [0x0000000085a00000, 0x0000000100000000)
  region size 1024K, 7 young (7168K), 7 survivors (7168K)
 Metaspace       used 43510K, capacity 45492K, committed 45692K, reserved 1087488K
  class space    used 5760K, capacity 6740K, committed 6860K, reserved 1048576K
}
Event: 8.913 GC heap before
{Heap before GC invocations=9 (full 0):
 garbage-first heap   total 168960K, used 78257K [0x0000000085a00000, 0x0000000100000000)
  region size 1024K, 66 young (67584K), 7 survivors (7168K)
 Metaspace       used 50764K, capacity 52948K, committed 53116K, reserved 1095680K
  class space    used 6637K, capacity 7771K, committed 7884K, reserved 1048576K
}
Event: 8.937 GC heap after
{Heap after GC invocations=10 (full 0):
 garbage-first heap   total 168960K, used 24318K [0x0000000085a00000, 0x0000000100000000)
  region size 1024K, 12 young (12288K), 12 survivors (12288K)
 Metaspace       used 50764K, capacity 52948K, committed 53116K, reserved 1095680K
  class space    used 6637K, capacity 7771K, committed 7884K, reserved 1048576K
}
Event: 30.987 GC heap before
{Heap before GC invocations=11 (full 0):
 garbage-first heap   total 168960K, used 112382K [0x0000000085a00000, 0x0000000100000000)
  region size 1024K, 95 young (97280K), 12 survivors (12288K)
 Metaspace       used 58426K, capacity 61142K, committed 61308K, reserved 1101824K
  class space    used 7679K, capacity 9084K, committed 9164K, reserved 1048576K
}
Event: 31.036 GC heap after
{Heap after GC invocations=12 (full 0):
 garbage-first heap   total 211968K, used 36014K [0x0000000085a00000, 0x0000000100000000)
  region size 1024K, 12 young (12288K), 12 survivors (12288K)
 Metaspace       used 58426K, capacity 61142K, committed 61308K, reserved 1101824K
  class space    used 7679K, capacity 9084K, committed 9164K, reserved 1048576K
}
Event: 124.068 GC heap before
{Heap before GC invocations=12 (full 0):
 garbage-first heap   total 211968K, used 138414K [0x0000000085a00000, 0x0000000100000000)
  region size 1024K, 109 young (111616K), 12 survivors (12288K)
 Metaspace       used 59986K, capacity 62736K, committed 62844K, reserved 1103872K
  class space    used 7745K, capacity 9163K, committed 9164K, reserved 1048576K
}
Event: 124.084 GC heap after
{Heap after GC invocations=13 (full 0):
 garbage-first heap   total 211968K, used 43142K [0x0000000085a00000, 0x0000000100000000)
  region size 1024K, 4 young (4096K), 4 survivors (4096K)
 Metaspace       used 59986K, capacity 62736K, committed 62844K, reserved 1103872K
  class space    used 7745K, capacity 9163K, committed 9164K, reserved 1048576K
}
Event: 224.086 GC heap before
{Heap before GC invocations=13 (full 0):
 garbage-first heap   total 211968K, used 144518K [0x0000000085a00000, 0x0000000100000000)
  region size 1024K, 104 young (106496K), 4 survivors (4096K)
 Metaspace       used 60418K, capacity 63145K, committed 63484K, reserved 1103872K
  class space    used 7763K, capacity 9185K, committed 9292K, reserved 1048576K
}
Event: 224.100 GC heap after
{Heap after GC invocations=14 (full 0):
 garbage-first heap   total 211968K, used 45125K [0x0000000085a00000, 0x0000000100000000)
  region size 1024K, 6 young (6144K), 6 survivors (6144K)
 Metaspace       used 60418K, capacity 63145K, committed 63484K, reserved 1103872K
  class space    used 7763K, capacity 9185K, committed 9292K, reserved 1048576K
}
Event: 344.063 GC heap before
{Heap before GC invocations=14 (full 0):
 garbage-first heap   total 211968K, used 157765K [0x0000000085a00000, 0x0000000100000000)
  region size 1024K, 116 young (118784K), 6 survivors (6144K)
 Metaspace       used 60611K, capacity 63415K, committed 63740K, reserved 1103872K
  class space    used 7763K, capacity 9185K, committed 9292K, reserved 1048576K
}
Event: 344.081 GC heap after
{Heap after GC invocations=15 (full 0):
 garbage-first heap   total 211968K, used 47690K [0x0000000085a00000, 0x0000000100000000)
  region size 1024K, 8 young (8192K), 8 survivors (8192K)
 Metaspace       used 60611K, capacity 63415K, committed 63740K, reserved 1103872K
  class space    used 7763K, capacity 9185K, committed 9292K, reserved 1048576K
}

